Using pre-set license
Built from '2020.3/staging' branch; Version is '2020.3.18f1 (a7d1c678663c) revision 10998214'; Using compiler version '192528614'; Build Type 'Release'
OS: 'Windows 10 Pro; OS build 19041.329; Version 2004; 64bit' Language: 'en' Physical Memory: 16242 MB
BatchMode: 1, IsHumanControllingUs: 0, StartBugReporterOnCrash: 0, Is64bit: 1, IsPro: 0

COMMAND LINE ARGUMENTS:
C:\Program Files\Unity\Hub\Editor\2020.3.18f1\Editor\Unity.exe
-adb2
-batchMode
-noUpm
-name
AssetImportWorker0
-projectPath
C:/Users/22heffb/OneDrive - Elida Local School District/01Game Design Fall 2021/BH_CwVR
-logFile
Logs/AssetImportWorker0.log
-srvPort
55902
Successfully changed project path to: C:/Users/22heffb/OneDrive - Elida Local School District/01Game Design Fall 2021/BH_CwVR
C:/Users/22heffb/OneDrive - Elida Local School District/01Game Design Fall 2021/BH_CwVR
Using Asset Import Pipeline V2.
Refreshing native plugins compatible for Editor in 532.02 ms, found 10 plugins.
Preloading 1 native plugins for Editor in 1.08 ms.
Initialize engine version: 2020.3.18f1 (a7d1c678663c)
[Subsystems] Discovering subsystems at path C:/Program Files/Unity/Hub/Editor/2020.3.18f1/Editor/Data/Resources/UnitySubsystems
[Subsystems] Discovering subsystems at path C:/Users/22heffb/OneDrive - Elida Local School District/01Game Design Fall 2021/BH_CwVR/Assets
GfxDevice: creating device client; threaded=0
Direct3D:
    Version:  Direct3D 11.0 [level 11.1]
    Renderer: NVIDIA GeForce GTX 1050 Ti (ID=0x1c82)
    Vendor:   
    VRAM:     4018 MB
    Driver:   27.21.14.6192
Initialize mono
Mono path[0] = 'C:/Program Files/Unity/Hub/Editor/2020.3.18f1/Editor/Data/Managed'
Mono path[1] = 'C:/Program Files/Unity/Hub/Editor/2020.3.18f1/Editor/Data/MonoBleedingEdge/lib/mono/unityjit'
Mono config path = 'C:/Program Files/Unity/Hub/Editor/2020.3.18f1/Editor/Data/MonoBleedingEdge/etc'
Using monoOptions --debugger-agent=transport=dt_socket,embedding=1,server=y,suspend=n,address=127.0.0.1:56980
Begin MonoManager ReloadAssembly
Registering precompiled unity dll's ...
Register platform support module: C:/Program Files/Unity/Hub/Editor/2020.3.18f1/Editor/Data/PlaybackEngines/WebGLSupport/UnityEditor.WebGL.Extensions.dll
Register platform support module: C:/Program Files/Unity/Hub/Editor/2020.3.18f1/Editor/Data/PlaybackEngines/WindowsStandaloneSupport/UnityEditor.WindowsStandalone.Extensions.dll
Registered in 0.002428 seconds.
Native extension for WindowsStandalone target not found
Native extension for WebGL target not found
Refreshing native plugins compatible for Editor in 78.68 ms, found 10 plugins.
Preloading 1 native plugins for Editor in 0.08 ms.
Mono: successfully reloaded assembly
- Completed reload, in  1.598 seconds
Domain Reload Profiling:
	ReloadAssembly (1598ms)
		BeginReloadAssembly (66ms)
			ExecutionOrderSort (0ms)
			DisableScriptedObjects (0ms)
			BackupInstance (0ms)
			ReleaseScriptingObjects (0ms)
			CreateAndSetChildDomain (1ms)
		EndReloadAssembly (600ms)
			LoadAssemblies (63ms)
			RebuildTransferFunctionScriptingTraits (0ms)
			SetupTypeCache (280ms)
			ReleaseScriptCaches (0ms)
			RebuildScriptCaches (36ms)
			SetupLoadedEditorAssemblies (205ms)
				LogAssemblyErrors (0ms)
				InitializePlatformSupportModulesInManaged (4ms)
				SetLoadedEditorAssemblies (0ms)
				RefreshPlugins (79ms)
				BeforeProcessingInitializeOnLoad (10ms)
				ProcessInitializeOnLoadAttributes (78ms)
				ProcessInitializeOnLoadMethodAttributes (33ms)
				AfterProcessingInitializeOnLoad (0ms)
				EditorAssembliesLoaded (0ms)
			ExecutionOrderSort2 (0ms)
			AwakeInstancesAfterBackupRestoration (0ms)
Platform modules already initialized, skipping
Registering precompiled user dll's ...
Registered in 0.164658 seconds.
Begin MonoManager ReloadAssembly
Native extension for WindowsStandalone target not found
Native extension for WebGL target not found
Refreshing native plugins compatible for Editor in 73.45 ms, found 10 plugins.
Preloading 1 native plugins for Editor in 0.08 ms.
[XR] OculusXRPlugin: registering subsystems
[XR] Unable to register display lifecyle provider: [1]
[XR] Oculus Input lifecycle provider registered.
[XR] Unable to register input lifecyle provider: [1]
System.Reflection.TargetInvocationException: Exception has been thrown by the target of an invocation. ---> System.NullReferenceException: Object reference not set to an instance of an object
  at Unity.XR.Oculus.OculusLoader.AssetPathToAbsolutePath (System.String assetPath) [0x00048] in C:\Users\22heffb\OneDrive - Elida Local School District\01Game Design Fall 2021\BH_CwVR\Library\PackageCache\com.unity.xr.oculus@1.10.0\Runtime\OculusLoader.cs:250 
  at Unity.XR.Oculus.OculusLoader.EditorLoadOVRPlugin () [0x0007b] in C:\Users\22heffb\OneDrive - Elida Local School District\01Game Design Fall 2021\BH_CwVR\Library\PackageCache\com.unity.xr.oculus@1.10.0\Runtime\OculusLoader.cs:235 
  at (wrapper managed-to-native) System.Reflection.MonoMethod.InternalInvoke(System.Reflection.MonoMethod,object,object[],System.Exception&)
  at System.Reflection.MonoMethod.Invoke (System.Object obj, System.Reflection.BindingFlags invokeAttr, System.Reflection.Binder binder, System.Object[] parameters, System.Globalization.CultureInfo culture) [0x00032] in <695d1cc93cca45069c528c15c9fdd749>:0 
   --- End of inner exception stack trace ---
  at System.Reflection.MonoMethod.Invoke (System.Object obj, System.Reflection.BindingFlags invokeAttr, System.Reflection.Binder binder, System.Object[] parameters, System.Globalization.CultureInfo culture) [0x00048] in <695d1cc93cca45069c528c15c9fdd749>:0 
  at System.Reflection.MethodBase.Invoke (System.Object obj, System.Object[] parameters) [0x00000] in <695d1cc93cca45069c528c15c9fdd749>:0 
  at UnityEditor.EditorAssemblies.ProcessInitializeOnLoadMethodAttributes () [0x00047] in <5ad584e208e14caaa9e6b2e6027e9204>:0 
UnityEngine.StackTraceUtility:ExtractStackTrace ()
UnityEngine.DebugLogHandler:LogFormat (UnityEngine.LogType,UnityEngine.Object,string,object[])
UnityEngine.Logger:Log (UnityEngine.LogType,object)
UnityEngine.Debug:LogError (object)
UnityEditor.EditorAssemblies:ProcessInitializeOnLoadMethodAttributes ()

Mono: successfully reloaded assembly
- Completed reload, in  1.508 seconds
Domain Reload Profiling:
	ReloadAssembly (1513ms)
		BeginReloadAssembly (141ms)
			ExecutionOrderSort (0ms)
			DisableScriptedObjects (4ms)
			BackupInstance (0ms)
			ReleaseScriptingObjects (0ms)
			CreateAndSetChildDomain (18ms)
		EndReloadAssembly (1312ms)
			LoadAssemblies (100ms)
			RebuildTransferFunctionScriptingTraits (0ms)
			SetupTypeCache (356ms)
			ReleaseScriptCaches (1ms)
			RebuildScriptCaches (55ms)
			SetupLoadedEditorAssemblies (654ms)
				LogAssemblyErrors (0ms)
				InitializePlatformSupportModulesInManaged (5ms)
				SetLoadedEditorAssemblies (0ms)
				RefreshPlugins (74ms)
				BeforeProcessingInitializeOnLoad (98ms)
				ProcessInitializeOnLoadAttributes (454ms)
				ProcessInitializeOnLoadMethodAttributes (17ms)
				AfterProcessingInitializeOnLoad (6ms)
				EditorAssembliesLoaded (0ms)
			ExecutionOrderSort2 (0ms)
			AwakeInstancesAfterBackupRestoration (7ms)
Platform modules already initialized, skipping
========================================================================
Worker process is ready to serve import requests
Launched and connected shader compiler UnityShaderCompiler.exe after 0.13 seconds
Refreshing native plugins compatible for Editor in 0.81 ms, found 10 plugins.
Preloading 1 native plugins for Editor in 0.09 ms.
Unloading 3402 Unused Serialized files (Serialized files now loaded: 0)
System memory in use before: 151.5 MB.
System memory in use after: 151.7 MB.

Unloading 38 unused Assets to reduce memory usage. Loaded Objects now: 3844.
Total: 3.526000 ms (FindLiveObjects: 0.300800 ms CreateObjectMapping: 0.129800 ms MarkObjects: 2.981600 ms  DeleteObjects: 0.113000 ms)

AssetImportParameters requested are different than current active one (requested -> active):
  custom:framework-win-MediaFoundation: 216162199b28c13a410421893ffa2e32 -> 
  custom:video-decoder-ogg-theora: a1e56fd34408186e4bbccfd4996cb3dc -> 
  custom:container-muxer-webm: aa71ff27fc2769a1b78a27578f13a17b -> 
  custom:container-demuxer-webm: 4f35f7cbe854078d1ac9338744f61a02 -> 
  custom:container-demuxer-ogg: 62fdf1f143b41e24485cea50d1cbac27 -> 
  custom:video-encoder-webm-vp8: eb34c28f22e8b96e1ab97ce403110664 -> 
  custom:video-decoder-webm-vp8: 9c59270c3fd7afecdb556c50c9e8de78 -> 
  custom:audio-decoder-ogg-vorbis: bf7c407c2cedff20999df2af8eb42d56 -> 
  custom:audio-encoder-webm-vorbis: bf7c407c2cedff20999df2af8eb42d56 -> 
========================================================================
Received Import Request.
  path: Assets/XR/XRGeneralSettings.asset
  artifactKey: Guid(d3134b6f939114be9b8d6dbeff42d453) Importer(815301076,1909f56bfc062723c751e8b465ee728b)
Start importing Assets/XR/XRGeneralSettings.asset using Guid(d3134b6f939114be9b8d6dbeff42d453) Importer(815301076,1909f56bfc062723c751e8b465ee728b)  -> (artifact id: '6d9785df571629e5fe36cc8ee2e60192') in 0.045922 seconds 
  Import took 0.053185 seconds .

========================================================================
Received Import Request.
  Time since last request: 0.000253 seconds.
  path: Assets/Challenges/_Course Library/Audio/FX/SFX_UI_Click_4.ogg
  artifactKey: Guid(d306fcf87f5874a5888091cab90ba4a5) Importer(815301076,1909f56bfc062723c751e8b465ee728b)
Start importing Assets/Challenges/_Course Library/Audio/FX/SFX_UI_Click_4.ogg using Guid(d306fcf87f5874a5888091cab90ba4a5) Importer(815301076,1909f56bfc062723c751e8b465ee728b)  -> (artifact id: 'c348d552417644fa318762831aebefdc') in 0.120949 seconds 
  Import took 0.129092 seconds .

========================================================================
Received Import Request.
  Time since last request: 0.000193 seconds.
  path: Assets/Challenges/_Course Library/Audio
  artifactKey: Guid(9d25e569fb6644e29b2167f7f0ca5349) Importer(815301076,1909f56bfc062723c751e8b465ee728b)
Start importing Assets/Challenges/_Course Library/Audio using Guid(9d25e569fb6644e29b2167f7f0ca5349) Importer(815301076,1909f56bfc062723c751e8b465ee728b)  -> (artifact id: '5ad395a5ab15b3639370ca9b075a2da4') in 0.009617 seconds 
  Import took 0.019628 seconds .

========================================================================
Received Import Request.
  Time since last request: 0.000263 seconds.
  path: Assets/Challenges/_Course Library/Audio/FX
  artifactKey: Guid(0e0a5d2cd49114611844a8dce41da09b) Importer(815301076,1909f56bfc062723c751e8b465ee728b)
Start importing Assets/Challenges/_Course Library/Audio/FX using Guid(0e0a5d2cd49114611844a8dce41da09b) Importer(815301076,1909f56bfc062723c751e8b465ee728b)  -> (artifact id: 'bc961a2f7d5559dfda1860a4f150cde3') in 0.009560 seconds 
  Import took 0.018581 seconds .

========================================================================
Received Import Request.
  Time since last request: 0.000249 seconds.
  path: Assets/Challenges/_Course Library/Audio/FX/SFX_Bird_3.ogg
  artifactKey: Guid(28e0735174c1c4ed683675c57b4d07a2) Importer(815301076,1909f56bfc062723c751e8b465ee728b)
Start importing Assets/Challenges/_Course Library/Audio/FX/SFX_Bird_3.ogg using Guid(28e0735174c1c4ed683675c57b4d07a2) Importer(815301076,1909f56bfc062723c751e8b465ee728b)  -> (artifact id: 'cb0daf001297d949596c91bbc2bae446') in 0.028257 seconds 
  Import took 0.039909 seconds .

========================================================================
Received Import Request.
  Time since last request: 0.000182 seconds.
  path: Assets/Challenges/_Course Library/Audio/FX/SFX_UI_Quick_4.ogg
  artifactKey: Guid(fbe0600515f4f482a9bb51aab560e9f7) Importer(815301076,1909f56bfc062723c751e8b465ee728b)
Start importing Assets/Challenges/_Course Library/Audio/FX/SFX_UI_Quick_4.ogg using Guid(fbe0600515f4f482a9bb51aab560e9f7) Importer(815301076,1909f56bfc062723c751e8b465ee728b)  -> (artifact id: '8087b057d3d5528d847b5fef59c42f5f') in 0.031857 seconds 
  Import took 0.041498 seconds .

========================================================================
Received Import Request.
  Time since last request: 0.000224 seconds.
  path: Assets/Challenges/_Course Library/Audio/FX/SFX_Impact_Concrete.ogg
  artifactKey: Guid(d727703712b36426db75d0e99085a350) Importer(815301076,1909f56bfc062723c751e8b465ee728b)
Start importing Assets/Challenges/_Course Library/Audio/FX/SFX_Impact_Concrete.ogg using Guid(d727703712b36426db75d0e99085a350) Importer(815301076,1909f56bfc062723c751e8b465ee728b)  -> (artifact id: '691c695d1c677aca6bb5b602b73fe604') in 0.026756 seconds 
  Import took 0.034315 seconds .

========================================================================
Received Import Request.
  Time since last request: 0.000209 seconds.
  path: Assets/Challenges/_Course Library/Audio/FX/SFX_UI_Quick_3.ogg
  artifactKey: Guid(113942fcb94a14f7386264fc45956b13) Importer(815301076,1909f56bfc062723c751e8b465ee728b)
Start importing Assets/Challenges/_Course Library/Audio/FX/SFX_UI_Quick_3.ogg using Guid(113942fcb94a14f7386264fc45956b13) Importer(815301076,1909f56bfc062723c751e8b465ee728b)  -> (artifact id: '93e2321a2b0b1d03b9eb3fcc0a56cc28') in 0.027242 seconds 
  Import took 0.034929 seconds .

========================================================================
Received Import Request.
  Time since last request: 0.000160 seconds.
  path: Assets/Challenges/_Course Library/Audio/FX/SFX_Bird_1.ogg
  artifactKey: Guid(ffcac3d6adf3c4a5a9fceb69ed040b5f) Importer(815301076,1909f56bfc062723c751e8b465ee728b)
Start importing Assets/Challenges/_Course Library/Audio/FX/SFX_Bird_1.ogg using Guid(ffcac3d6adf3c4a5a9fceb69ed040b5f) Importer(815301076,1909f56bfc062723c751e8b465ee728b)  -> (artifact id: 'c972a7f30d6217ff78930c6d047a3fa6') in 0.040958 seconds 
  Import took 0.047553 seconds .

========================================================================
Received Import Request.
  Time since last request: 0.000163 seconds.
  path: Assets/Challenges/_Course Library/Audio/FX/SFX_UI_Button_2.ogg
  artifactKey: Guid(02e01164404134d2c9265aa08b65ba96) Importer(815301076,1909f56bfc062723c751e8b465ee728b)
Start importing Assets/Challenges/_Course Library/Audio/FX/SFX_UI_Button_2.ogg using Guid(02e01164404134d2c9265aa08b65ba96) Importer(815301076,1909f56bfc062723c751e8b465ee728b)  -> (artifact id: '6de84fe8d75deb51231bc595158de422') in 0.029220 seconds 
  Import took 0.040528 seconds .

========================================================================
Received Import Request.
  Time since last request: 0.000183 seconds.
  path: Assets/Challenges/_Course Library/Audio/FX/SFX_Machine_Shoot_1.ogg
  artifactKey: Guid(be8221a34ec964baca77aa1158dd9a81) Importer(815301076,1909f56bfc062723c751e8b465ee728b)
Start importing Assets/Challenges/_Course Library/Audio/FX/SFX_Machine_Shoot_1.ogg using Guid(be8221a34ec964baca77aa1158dd9a81) Importer(815301076,1909f56bfc062723c751e8b465ee728b)  -> (artifact id: '6e638ced1200683fc661916f89ca852c') in 0.029226 seconds 
  Import took 0.037267 seconds .

========================================================================
Received Import Request.
  Time since last request: 0.000196 seconds.
  path: Assets/Challenges/_Course Library/Audio/FX/SFX_UI_SciFi_Back.ogg
  artifactKey: Guid(3a8730ed83cf54ec3af36761459c24e8) Importer(815301076,1909f56bfc062723c751e8b465ee728b)
Start importing Assets/Challenges/_Course Library/Audio/FX/SFX_UI_SciFi_Back.ogg using Guid(3a8730ed83cf54ec3af36761459c24e8) Importer(815301076,1909f56bfc062723c751e8b465ee728b)  -> (artifact id: '943cfd2bae7adac61755c6505b0b0361') in 0.031083 seconds 
  Import took 0.039121 seconds .

========================================================================
Received Import Request.
  Time since last request: 0.000203 seconds.
  path: Assets/Challenges/_Course Library/Audio/FX/SFX_Liquid_Splash.ogg
  artifactKey: Guid(7bb57394759014e20b218cf8f8040440) Importer(815301076,1909f56bfc062723c751e8b465ee728b)
Start importing Assets/Challenges/_Course Library/Audio/FX/SFX_Liquid_Splash.ogg using Guid(7bb57394759014e20b218cf8f8040440) Importer(815301076,1909f56bfc062723c751e8b465ee728b)  -> (artifact id: '132aae94cea07855ad421f5ec456d6c3') in 0.024310 seconds 
  Import took 0.032736 seconds .

========================================================================
Received Import Request.
  Time since last request: 0.000268 seconds.
  path: Assets/Challenges/_Course Library/Audio/FX/SFX_Loop_Fire.ogg
  artifactKey: Guid(ef77e9bee03ff4bb5a41dbb472fc6e09) Importer(815301076,1909f56bfc062723c751e8b465ee728b)
Start importing Assets/Challenges/_Course Library/Audio/FX/SFX_Loop_Fire.ogg using Guid(ef77e9bee03ff4bb5a41dbb472fc6e09) Importer(815301076,1909f56bfc062723c751e8b465ee728b)  -> (artifact id: 'f8c82940b51c563c0aa060cafd24740f') in 0.027650 seconds 
  Import took 0.033892 seconds .

========================================================================
Received Import Request.
  Time since last request: 0.000161 seconds.
  path: Assets/Challenges/_Course Library/Audio/FX/SFX_Impact_Metal.ogg
  artifactKey: Guid(fdb8a3585af1e45918bc4babd167b4eb) Importer(815301076,1909f56bfc062723c751e8b465ee728b)
Start importing Assets/Challenges/_Course Library/Audio/FX/SFX_Impact_Metal.ogg using Guid(fdb8a3585af1e45918bc4babd167b4eb) Importer(815301076,1909f56bfc062723c751e8b465ee728b)  -> (artifact id: 'ae05fd7bc85257c1db08200f4cbb2bd5') in 0.029095 seconds 
  Import took 0.035055 seconds .

========================================================================
Received Import Request.
  Time since last request: 0.000188 seconds.
  path: Assets/TextMesh Pro/Sprites
  artifactKey: Guid(d0603b6d5186471b96c778c3949c7ce2) Importer(815301076,1909f56bfc062723c751e8b465ee728b)
Start importing Assets/TextMesh Pro/Sprites using Guid(d0603b6d5186471b96c778c3949c7ce2) Importer(815301076,1909f56bfc062723c751e8b465ee728b)  -> (artifact id: 'c825b4ecabc52a724fdd8944d5209777') in 0.008192 seconds 
  Import took 0.015690 seconds .

========================================================================
Received Import Request.
  Time since last request: 0.000176 seconds.
  path: Assets/Challenges/_Course Library/Audio/FX/SFX_Impact_Heavy.ogg
  artifactKey: Guid(47d525776691f4a039da24d17caa644c) Importer(815301076,1909f56bfc062723c751e8b465ee728b)
Start importing Assets/Challenges/_Course Library/Audio/FX/SFX_Impact_Heavy.ogg using Guid(47d525776691f4a039da24d17caa644c) Importer(815301076,1909f56bfc062723c751e8b465ee728b)  -> (artifact id: 'ac52713c54ba32e25b7e8b206cdb5eb2') in 0.036176 seconds 
  Import took 0.042657 seconds .

========================================================================
Received Import Request.
  Time since last request: 0.000165 seconds.
  path: Assets/Challenges/_Course Library/Audio/FX/SFX_Polaroid_Print.ogg
  artifactKey: Guid(c8da34f5308f447e8a07706592954d21) Importer(815301076,1909f56bfc062723c751e8b465ee728b)
Start importing Assets/Challenges/_Course Library/Audio/FX/SFX_Polaroid_Print.ogg using Guid(c8da34f5308f447e8a07706592954d21) Importer(815301076,1909f56bfc062723c751e8b465ee728b)  -> (artifact id: 'e28ac6cb46d3e49a4bf9e6eae7acf031') in 0.031484 seconds 
  Import took 0.037329 seconds .

========================================================================
Received Import Request.
  Time since last request: 0.000200 seconds.
  path: Assets/Challenges/_Course Library/Audio/FX/SFX_Loop_Wind.ogg
  artifactKey: Guid(ac26011162cb54a1e8e5281a89bd5282) Importer(815301076,1909f56bfc062723c751e8b465ee728b)
Start importing Assets/Challenges/_Course Library/Audio/FX/SFX_Loop_Wind.ogg using Guid(ac26011162cb54a1e8e5281a89bd5282) Importer(815301076,1909f56bfc062723c751e8b465ee728b)  -> (artifact id: '1bbde99cb119e1ee75c652c16c36fd20') in 0.026908 seconds 
  Import took 0.033125 seconds .

========================================================================
Received Import Request.
  Time since last request: 0.000163 seconds.
  path: Assets/Challenges/_Course Library/Audio/FX/SFX_UI_Game_Positive.ogg
  artifactKey: Guid(a6e6cb127e7044a3eaa8772d8a314706) Importer(815301076,1909f56bfc062723c751e8b465ee728b)
Start importing Assets/Challenges/_Course Library/Audio/FX/SFX_UI_Game_Positive.ogg using Guid(a6e6cb127e7044a3eaa8772d8a314706) Importer(815301076,1909f56bfc062723c751e8b465ee728b)  -> (artifact id: '450c8bbd6b7f60aa30a4874d2b380f5f') in 0.025261 seconds 
  Import took 0.032057 seconds .

========================================================================
Received Import Request.
  Time since last request: 0.000186 seconds.
  path: Assets/Challenges/_Course Library/Audio/FX/SFX_Impact_Glass.ogg
  artifactKey: Guid(1b706adc9022a41ab90c83849d16c760) Importer(815301076,1909f56bfc062723c751e8b465ee728b)
Start importing Assets/Challenges/_Course Library/Audio/FX/SFX_Impact_Glass.ogg using Guid(1b706adc9022a41ab90c83849d16c760) Importer(815301076,1909f56bfc062723c751e8b465ee728b)  -> (artifact id: '326e298070ab4d01947d0aac60273976') in 0.038637 seconds 
  Import took 0.047152 seconds .

========================================================================
Received Import Request.
  Time since last request: 0.000177 seconds.
  path: Assets/Challenges/_Course Library/Audio/FX/SFX_UI_Click_5.ogg
  artifactKey: Guid(f0dff4da8e4204fe9b98afb911292ef2) Importer(815301076,1909f56bfc062723c751e8b465ee728b)
Start importing Assets/Challenges/_Course Library/Audio/FX/SFX_UI_Click_5.ogg using Guid(f0dff4da8e4204fe9b98afb911292ef2) Importer(815301076,1909f56bfc062723c751e8b465ee728b)  -> (artifact id: '993d349b362aae3900ae46f441890db9') in 0.033672 seconds 
  Import took 0.039876 seconds .

========================================================================
Received Import Request.
  Time since last request: 0.000207 seconds.
  path: Assets/Challenges/_Course Library/Audio/FX/SFX_UI_Click_1.ogg
  artifactKey: Guid(8436c8cf5779f4fbda9ea5a4acee8d73) Importer(815301076,1909f56bfc062723c751e8b465ee728b)
Start importing Assets/Challenges/_Course Library/Audio/FX/SFX_UI_Click_1.ogg using Guid(8436c8cf5779f4fbda9ea5a4acee8d73) Importer(815301076,1909f56bfc062723c751e8b465ee728b)  -> (artifact id: '01be1e84ace87727bbdfbc6cd6407406') in 0.053649 seconds 
  Import took 0.059099 seconds .

========================================================================
Received Import Request.
  Time since last request: 0.000176 seconds.
  path: Assets/Challenges/_Course Library/Audio/FX/SFX_Machine_Powerup.ogg
  artifactKey: Guid(4f5cb06e8f78048c7aeff58324ede3b2) Importer(815301076,1909f56bfc062723c751e8b465ee728b)
Start importing Assets/Challenges/_Course Library/Audio/FX/SFX_Machine_Powerup.ogg using Guid(4f5cb06e8f78048c7aeff58324ede3b2) Importer(815301076,1909f56bfc062723c751e8b465ee728b)  -> (artifact id: 'a6961c18edef434824e146cda2b6cfb2') in 0.032061 seconds 
  Import took 0.037692 seconds .

========================================================================
Received Import Request.
  Time since last request: 0.000200 seconds.
  path: Assets/Challenges/_Course Library/Audio/FX/SFX_Machine_Shoot_4.ogg
  artifactKey: Guid(9b1ecbe797fdd40e0bfc0900b6ad0400) Importer(815301076,1909f56bfc062723c751e8b465ee728b)
Start importing Assets/Challenges/_Course Library/Audio/FX/SFX_Machine_Shoot_4.ogg using Guid(9b1ecbe797fdd40e0bfc0900b6ad0400) Importer(815301076,1909f56bfc062723c751e8b465ee728b)  -> (artifact id: '89de363a417069aa93a1f7a53b609f13') in 0.036809 seconds 
  Import took 0.043486 seconds .

========================================================================
Received Import Request.
  Time since last request: 0.000175 seconds.
  path: Assets/Challenges/_Course Library/Audio/FX/SFX_Loop_Machine.ogg
  artifactKey: Guid(f3d02eed8de884b8f8e2df103802faf5) Importer(815301076,1909f56bfc062723c751e8b465ee728b)
Start importing Assets/Challenges/_Course Library/Audio/FX/SFX_Loop_Machine.ogg using Guid(f3d02eed8de884b8f8e2df103802faf5) Importer(815301076,1909f56bfc062723c751e8b465ee728b)  -> (artifact id: 'c5113782f8f542f6543d4416aac72e62') in 0.024926 seconds 
  Import took 0.030655 seconds .

========================================================================
Received Import Request.
  Time since last request: 0.000248 seconds.
  path: Assets/Challenges/_Course Library/Audio/FX/SFX_Impact_Plastic.ogg
  artifactKey: Guid(de71552a2aee34906aaf9ec2749b888f) Importer(815301076,1909f56bfc062723c751e8b465ee728b)
Start importing Assets/Challenges/_Course Library/Audio/FX/SFX_Impact_Plastic.ogg using Guid(de71552a2aee34906aaf9ec2749b888f) Importer(815301076,1909f56bfc062723c751e8b465ee728b)  -> (artifact id: 'bf979383828c0fa944abc3c3a8c0dd22') in 0.045561 seconds 
  Import took 0.052830 seconds .

========================================================================
Received Import Request.
  Time since last request: 0.000210 seconds.
  path: Assets/Challenges/_Course Library/Audio/FX/SFX_UI_Button_1.ogg
  artifactKey: Guid(3c7b3ef689cc94af0bd824489050effd) Importer(815301076,1909f56bfc062723c751e8b465ee728b)
Start importing Assets/Challenges/_Course Library/Audio/FX/SFX_UI_Button_1.ogg using Guid(3c7b3ef689cc94af0bd824489050effd) Importer(815301076,1909f56bfc062723c751e8b465ee728b)  -> (artifact id: 'f583967cad1159c604944213f00e8c2d') in 0.027813 seconds 
  Import took 0.033428 seconds .

========================================================================
Received Import Request.
  Time since last request: 0.000194 seconds.
  path: Assets/Settings
  artifactKey: Guid(8729dd4f8f57c477386b2786b3757b09) Importer(815301076,1909f56bfc062723c751e8b465ee728b)
Start importing Assets/Settings using Guid(8729dd4f8f57c477386b2786b3757b09) Importer(815301076,1909f56bfc062723c751e8b465ee728b)  -> (artifact id: 'c69a77dddad6b9cabe0c551412a46a79') in 0.007100 seconds 
  Import took 0.014913 seconds .

========================================================================
Received Import Request.
  Time since last request: 0.000147 seconds.
  path: Assets/Challenges/_Course Library/Audio/FX/SFX_UI_SciFi_Forward.ogg
  artifactKey: Guid(8514acdb166b1499a9ee49941ff691f0) Importer(815301076,1909f56bfc062723c751e8b465ee728b)
Start importing Assets/Challenges/_Course Library/Audio/FX/SFX_UI_SciFi_Forward.ogg using Guid(8514acdb166b1499a9ee49941ff691f0) Importer(815301076,1909f56bfc062723c751e8b465ee728b)  -> (artifact id: 'f1eecf4eb1e175dfcd7491fafdb898e7') in 0.027162 seconds 
  Import took 0.033621 seconds .

========================================================================
Received Import Request.
  Time since last request: 0.000229 seconds.
  path: Assets/Challenges/_Course Library/Audio/FX/SFX_Machine_Shoot_3.ogg
  artifactKey: Guid(b8ba7dd0f8e2f45fdb360cb8df91de01) Importer(815301076,1909f56bfc062723c751e8b465ee728b)
Start importing Assets/Challenges/_Course Library/Audio/FX/SFX_Machine_Shoot_3.ogg using Guid(b8ba7dd0f8e2f45fdb360cb8df91de01) Importer(815301076,1909f56bfc062723c751e8b465ee728b)  -> (artifact id: 'cb1bca14cdbea295d6c61f8450087515') in 0.029777 seconds 
  Import took 0.036793 seconds .

========================================================================
Received Import Request.
  Time since last request: 0.000216 seconds.
  path: Assets/Challenges/_Course Library/Audio/FX/SFX_Loop_Liquid_Pour.ogg
  artifactKey: Guid(2750d8f1e9746416a82993326371d29f) Importer(815301076,1909f56bfc062723c751e8b465ee728b)
Start importing Assets/Challenges/_Course Library/Audio/FX/SFX_Loop_Liquid_Pour.ogg using Guid(2750d8f1e9746416a82993326371d29f) Importer(815301076,1909f56bfc062723c751e8b465ee728b)  -> (artifact id: '39856d4eee2a1daf8e3d7284f7da7df7') in 0.030129 seconds 
  Import took 0.036334 seconds .

========================================================================
Received Import Request.
  Time since last request: 0.000179 seconds.
  path: Assets/Challenges/_Course Library/Audio/FX/SFX_UI_Quick_2.ogg
  artifactKey: Guid(eb6747799fac14af58d8c4fc5410fc1e) Importer(815301076,1909f56bfc062723c751e8b465ee728b)
Start importing Assets/Challenges/_Course Library/Audio/FX/SFX_UI_Quick_2.ogg using Guid(eb6747799fac14af58d8c4fc5410fc1e) Importer(815301076,1909f56bfc062723c751e8b465ee728b)  -> (artifact id: 'dcb0aa51b4f6d5b75cc04aa5f6fa4c14') in 0.029209 seconds 
  Import took 0.034786 seconds .

========================================================================
Received Import Request.
  Time since last request: 0.000161 seconds.
  path: Assets/Challenges/_Course Library/Audio/FX/SFX_UI_Click_3.ogg
  artifactKey: Guid(0d9ba9deac23f4ff199b989fe352e768) Importer(815301076,1909f56bfc062723c751e8b465ee728b)
Start importing Assets/Challenges/_Course Library/Audio/FX/SFX_UI_Click_3.ogg using Guid(0d9ba9deac23f4ff199b989fe352e768) Importer(815301076,1909f56bfc062723c751e8b465ee728b)  -> (artifact id: '384b64daf022eb6059ac3de446a838a7') in 0.030474 seconds 
  Import took 0.036887 seconds .

========================================================================
Received Import Request.
  Time since last request: 0.000208 seconds.
  path: Assets/Challenges/_Course Library/Audio/FX/SFX_UI_Game_Negative.ogg
  artifactKey: Guid(a6d54794b4ce94de1b7b1587af379192) Importer(815301076,1909f56bfc062723c751e8b465ee728b)
Start importing Assets/Challenges/_Course Library/Audio/FX/SFX_UI_Game_Negative.ogg using Guid(a6d54794b4ce94de1b7b1587af379192) Importer(815301076,1909f56bfc062723c751e8b465ee728b)  -> (artifact id: '819fd9540f54ab47baa3532bfb1af0d7') in 0.028598 seconds 
  Import took 0.034853 seconds .

========================================================================
Received Import Request.
  Time since last request: 0.000191 seconds.
  path: Assets/Challenges/_Course Library/Audio/FX/SFX_Impact_Log.ogg
  artifactKey: Guid(5fa2a1e03047f4f37a8f475c272636e7) Importer(815301076,1909f56bfc062723c751e8b465ee728b)
Start importing Assets/Challenges/_Course Library/Audio/FX/SFX_Impact_Log.ogg using Guid(5fa2a1e03047f4f37a8f475c272636e7) Importer(815301076,1909f56bfc062723c751e8b465ee728b)  -> (artifact id: 'e317e5b005dec71d0e3f4a54d2cfe954') in 0.023790 seconds 
  Import took 0.031640 seconds .

========================================================================
Received Import Request.
  Time since last request: 0.000163 seconds.
  path: Assets/Settings/UniversalRenderPipelineAsset.asset
  artifactKey: Guid(ca51ab8269d7945dd9bbb86c7c9a4ac6) Importer(815301076,1909f56bfc062723c751e8b465ee728b)
Start importing Assets/Settings/UniversalRenderPipelineAsset.asset using Guid(ca51ab8269d7945dd9bbb86c7c9a4ac6) Importer(815301076,1909f56bfc062723c751e8b465ee728b)  -> (artifact id: 'f6605bbdde604f5125ef11fab83e424c') in 0.008176 seconds 
  Import took 0.016057 seconds .

========================================================================
Received Import Request.
  Time since last request: 0.000212 seconds.
  path: Assets/Challenges/_Course Library/Audio/FX/SFX_Loop_Buzz_2.ogg
  artifactKey: Guid(c0485129cacdd4a4c9822d92e2a9adc2) Importer(815301076,1909f56bfc062723c751e8b465ee728b)
Start importing Assets/Challenges/_Course Library/Audio/FX/SFX_Loop_Buzz_2.ogg using Guid(c0485129cacdd4a4c9822d92e2a9adc2) Importer(815301076,1909f56bfc062723c751e8b465ee728b)  -> (artifact id: 'de5a0d02f3dfd2e42a947ef943491fb7') in 0.029526 seconds 
  Import took 0.036292 seconds .

========================================================================
Received Import Request.
  Time since last request: 0.000157 seconds.
  path: Assets/Challenges/_Course Library/Audio/FX/SFX_Loop_Steam.ogg
  artifactKey: Guid(12466592d2edd47879e8a1276cb68d53) Importer(815301076,1909f56bfc062723c751e8b465ee728b)
Start importing Assets/Challenges/_Course Library/Audio/FX/SFX_Loop_Steam.ogg using Guid(12466592d2edd47879e8a1276cb68d53) Importer(815301076,1909f56bfc062723c751e8b465ee728b)  -> (artifact id: '9f6152549f4b92be275e67c6221d6a13') in 0.044273 seconds 
  Import took 0.049614 seconds .

========================================================================
Received Import Request.
  Time since last request: 0.000156 seconds.
  path: Assets/Challenges/_Course Library/Audio/FX/SFX_Impact_Books.ogg
  artifactKey: Guid(fab5b2719139b410aab0fc2af968e4ff) Importer(815301076,1909f56bfc062723c751e8b465ee728b)
Start importing Assets/Challenges/_Course Library/Audio/FX/SFX_Impact_Books.ogg using Guid(fab5b2719139b410aab0fc2af968e4ff) Importer(815301076,1909f56bfc062723c751e8b465ee728b)  -> (artifact id: 'b9934d3d5bcdac9d78640d39714bb0f7') in 0.041001 seconds 
  Import took 0.048027 seconds .

========================================================================
Received Import Request.
  Time since last request: 0.000170 seconds.
  path: Assets/Challenges/_Course Library/Audio/FX/SFX_Game_Success.ogg
  artifactKey: Guid(ffa67130b8bb74c7f8bc2b3ce9149daf) Importer(815301076,1909f56bfc062723c751e8b465ee728b)
Start importing Assets/Challenges/_Course Library/Audio/FX/SFX_Game_Success.ogg using Guid(ffa67130b8bb74c7f8bc2b3ce9149daf) Importer(815301076,1909f56bfc062723c751e8b465ee728b)  -> (artifact id: '3698c2aa935e13648cc9c2256b575eb0') in 0.037562 seconds 
  Import took 0.044149 seconds .

========================================================================
Received Import Request.
  Time since last request: 0.000211 seconds.
  path: Assets/TextMesh Pro/Sprites/EmojiOne.png
  artifactKey: Guid(dffef66376be4fa480fb02b19edbe903) Importer(815301076,1909f56bfc062723c751e8b465ee728b)
Start importing Assets/TextMesh Pro/Sprites/EmojiOne.png using Guid(dffef66376be4fa480fb02b19edbe903) Importer(815301076,1909f56bfc062723c751e8b465ee728b)  -> (artifact id: '5b9e6a09b2dee8e3fbee416fa6a54f43') in 0.054333 seconds 
  Import took 0.060380 seconds .

========================================================================
Received Import Request.
  Time since last request: 0.000203 seconds.
  path: Assets/Challenges/_Course Library/Audio/FX/SFX_Machine_Shoot_2.ogg
  artifactKey: Guid(5ba88ca933c5b4e579c5e971949a6295) Importer(815301076,1909f56bfc062723c751e8b465ee728b)
Start importing Assets/Challenges/_Course Library/Audio/FX/SFX_Machine_Shoot_2.ogg using Guid(5ba88ca933c5b4e579c5e971949a6295) Importer(815301076,1909f56bfc062723c751e8b465ee728b)  -> (artifact id: 'ce15e7d36877fa7447b0ad2c26122f2f') in 0.035701 seconds 
  Import took 0.041964 seconds .

========================================================================
Received Import Request.
  Time since last request: 0.000288 seconds.
  path: Assets/Challenges/_Course Library/Audio/FX/SFX_Loop_Buzz_1.ogg
  artifactKey: Guid(088ba1df0d9c04f62b913b155a14cd10) Importer(815301076,1909f56bfc062723c751e8b465ee728b)
Start importing Assets/Challenges/_Course Library/Audio/FX/SFX_Loop_Buzz_1.ogg using Guid(088ba1df0d9c04f62b913b155a14cd10) Importer(815301076,1909f56bfc062723c751e8b465ee728b)  -> (artifact id: '876cd4ed244f9c8cf1eb5e0271e30cf5') in 0.042937 seconds 
  Import took 0.050214 seconds .

========================================================================
Received Import Request.
  Time since last request: 0.000216 seconds.
  path: Assets/Challenges/_Course Library
  artifactKey: Guid(8c8d914a1d5c8496c93eb389dab42fe3) Importer(815301076,1909f56bfc062723c751e8b465ee728b)
Start importing Assets/Challenges/_Course Library using Guid(8c8d914a1d5c8496c93eb389dab42fe3) Importer(815301076,1909f56bfc062723c751e8b465ee728b)  -> (artifact id: 'b4854cc121df444a0d22fbab1cf0310d') in 0.008697 seconds 
  Import took 0.016146 seconds .

========================================================================
Received Import Request.
  Time since last request: 0.000215 seconds.
  path: Assets/Settings/UniversalRenderPipelineAsset_Renderer.asset
  artifactKey: Guid(d9e88bdd0f5f0462ebf470d8ea4b285e) Importer(815301076,1909f56bfc062723c751e8b465ee728b)
Start importing Assets/Settings/UniversalRenderPipelineAsset_Renderer.asset using Guid(d9e88bdd0f5f0462ebf470d8ea4b285e) Importer(815301076,1909f56bfc062723c751e8b465ee728b)  -> (artifact id: '243d0db1df991802cf75aa27abb17ca3') in 0.009718 seconds 
  Import took 0.015864 seconds .

========================================================================
Received Import Request.
  Time since last request: 0.000231 seconds.
  path: Assets/Challenges/_Course Library/Audio/FX/SFX_UI_Click_2.ogg
  artifactKey: Guid(39eeabf0f489f4e46a024aa733bf1b4b) Importer(815301076,1909f56bfc062723c751e8b465ee728b)
Start importing Assets/Challenges/_Course Library/Audio/FX/SFX_UI_Click_2.ogg using Guid(39eeabf0f489f4e46a024aa733bf1b4b) Importer(815301076,1909f56bfc062723c751e8b465ee728b)  -> (artifact id: '20c90a0be5f05a2583716dcfa168c888') in 0.053690 seconds 
  Import took 0.059995 seconds .

========================================================================
Received Import Request.
  Time since last request: 0.000194 seconds.
  path: Assets/Challenges/_Course Library/Audio/FX/SFX_Cork_Pop.ogg
  artifactKey: Guid(73fe6f8dbb7a64c96a1d52f467088b5d) Importer(815301076,1909f56bfc062723c751e8b465ee728b)
Start importing Assets/Challenges/_Course Library/Audio/FX/SFX_Cork_Pop.ogg using Guid(73fe6f8dbb7a64c96a1d52f467088b5d) Importer(815301076,1909f56bfc062723c751e8b465ee728b)  -> (artifact id: 'dbdd28dcbd5d487dd9e8dc10ed11f1af') in 0.040632 seconds 
  Import took 0.048326 seconds .

========================================================================
Received Import Request.
  Time since last request: 0.000198 seconds.
  path: Assets/Challenges/_Course Library/Audio/FX/SFX_Machine_Stamp.ogg
  artifactKey: Guid(f3c16f48623484a42b8624861a87ca11) Importer(815301076,1909f56bfc062723c751e8b465ee728b)
Start importing Assets/Challenges/_Course Library/Audio/FX/SFX_Machine_Stamp.ogg using Guid(f3c16f48623484a42b8624861a87ca11) Importer(815301076,1909f56bfc062723c751e8b465ee728b)  -> (artifact id: 'd6f618d463503c3360769a94409ce37d') in 0.046832 seconds 
  Import took 0.053611 seconds .

========================================================================
Received Import Request.
  Time since last request: 0.000211 seconds.
  path: Assets/Challenges/_Course Library/Audio/FX/SFX_UI_Quick_1.ogg
  artifactKey: Guid(cbca6f23424bd42c9a2cae00f5b644ea) Importer(815301076,1909f56bfc062723c751e8b465ee728b)
Start importing Assets/Challenges/_Course Library/Audio/FX/SFX_UI_Quick_1.ogg using Guid(cbca6f23424bd42c9a2cae00f5b644ea) Importer(815301076,1909f56bfc062723c751e8b465ee728b)  -> (artifact id: '8767b98cbf5cfb4892b165e89783484b') in 0.025533 seconds 
  Import took 0.031543 seconds .

========================================================================
Received Import Request.
  Time since last request: 0.000196 seconds.
  path: Assets/Challenges/_Course Library/Audio/FX/SFX_Loop_RadioTuning.ogg
  artifactKey: Guid(658a9d5e3f97b4f52b6bb3a615fd3b92) Importer(815301076,1909f56bfc062723c751e8b465ee728b)
Start importing Assets/Challenges/_Course Library/Audio/FX/SFX_Loop_RadioTuning.ogg using Guid(658a9d5e3f97b4f52b6bb3a615fd3b92) Importer(815301076,1909f56bfc062723c751e8b465ee728b)  -> (artifact id: 'a4bf1ffbb94b4b5e659888de5e5e240e') in 0.025141 seconds 
  Import took 0.031397 seconds .

========================================================================
Received Import Request.
  Time since last request: 0.000186 seconds.
  path: Assets/Challenges/_Course Library/Audio/FX/SFX_Bird_2.ogg
  artifactKey: Guid(5852b85f5b6c7456db15d397337533a3) Importer(815301076,1909f56bfc062723c751e8b465ee728b)
Start importing Assets/Challenges/_Course Library/Audio/FX/SFX_Bird_2.ogg using Guid(5852b85f5b6c7456db15d397337533a3) Importer(815301076,1909f56bfc062723c751e8b465ee728b)  -> (artifact id: 'd499a27b08a69cd2140f64f41035747f') in 0.028209 seconds 
  Import took 0.034404 seconds .

========================================================================
Received Import Request.
  Time since last request: 0.000184 seconds.
  path: Assets/Challenges/_Course Library/Audio/FX/SFX_Impact_Ball.ogg
  artifactKey: Guid(4469071d9ffe04738b4c4992bda32cf2) Importer(815301076,1909f56bfc062723c751e8b465ee728b)
Start importing Assets/Challenges/_Course Library/Audio/FX/SFX_Impact_Ball.ogg using Guid(4469071d9ffe04738b4c4992bda32cf2) Importer(815301076,1909f56bfc062723c751e8b465ee728b)  -> (artifact id: '1901663ce767b5296dd47bd3a07d789b') in 0.028610 seconds 
  Import took 0.035843 seconds .

========================================================================
Received Prepare
Registering precompiled user dll's ...
Registered in 0.010178 seconds.
Begin MonoManager ReloadAssembly
Native extension for WindowsStandalone target not found
Native extension for WebGL target not found
Refreshing native plugins compatible for Editor in 1.02 ms, found 10 plugins.
Preloading 1 native plugins for Editor in 0.10 ms.
System.Reflection.TargetInvocationException: Exception has been thrown by the target of an invocation. ---> System.NullReferenceException: Object reference not set to an instance of an object
  at Unity.XR.Oculus.OculusLoader.AssetPathToAbsolutePath (System.String assetPath) [0x00048] in C:\Users\22heffb\OneDrive - Elida Local School District\01Game Design Fall 2021\BH_CwVR\Library\PackageCache\com.unity.xr.oculus@1.10.0\Runtime\OculusLoader.cs:250 
  at Unity.XR.Oculus.OculusLoader.EditorLoadOVRPlugin () [0x0007b] in C:\Users\22heffb\OneDrive - Elida Local School District\01Game Design Fall 2021\BH_CwVR\Library\PackageCache\com.unity.xr.oculus@1.10.0\Runtime\OculusLoader.cs:235 
  at (wrapper managed-to-native) System.Reflection.MonoMethod.InternalInvoke(System.Reflection.MonoMethod,object,object[],System.Exception&)
  at System.Reflection.MonoMethod.Invoke (System.Object obj, System.Reflection.BindingFlags invokeAttr, System.Reflection.Binder binder, System.Object[] parameters, System.Globalization.CultureInfo culture) [0x00032] in <695d1cc93cca45069c528c15c9fdd749>:0 
   --- End of inner exception stack trace ---
  at System.Reflection.MonoMethod.Invoke (System.Object obj, System.Reflection.BindingFlags invokeAttr, System.Reflection.Binder binder, System.Object[] parameters, System.Globalization.CultureInfo culture) [0x00048] in <695d1cc93cca45069c528c15c9fdd749>:0 
  at System.Reflection.MethodBase.Invoke (System.Object obj, System.Object[] parameters) [0x00000] in <695d1cc93cca45069c528c15c9fdd749>:0 
  at UnityEditor.EditorAssemblies.ProcessInitializeOnLoadMethodAttributes () [0x00047] in <5ad584e208e14caaa9e6b2e6027e9204>:0 
UnityEngine.StackTraceUtility:ExtractStackTrace ()
UnityEngine.DebugLogHandler:LogFormat (UnityEngine.LogType,UnityEngine.Object,string,object[])
UnityEngine.Logger:Log (UnityEngine.LogType,object)
UnityEngine.Debug:LogError (object)
UnityEditor.EditorAssemblies:ProcessInitializeOnLoadMethodAttributes ()

Mono: successfully reloaded assembly
- Completed reload, in  1.396 seconds
Domain Reload Profiling:
	ReloadAssembly (1396ms)
		BeginReloadAssembly (130ms)
			ExecutionOrderSort (0ms)
			DisableScriptedObjects (4ms)
			BackupInstance (0ms)
			ReleaseScriptingObjects (0ms)
			CreateAndSetChildDomain (47ms)
		EndReloadAssembly (1194ms)
			LoadAssemblies (105ms)
			RebuildTransferFunctionScriptingTraits (0ms)
			SetupTypeCache (383ms)
			ReleaseScriptCaches (2ms)
			RebuildScriptCaches (47ms)
			SetupLoadedEditorAssemblies (438ms)
				LogAssemblyErrors (0ms)
				InitializePlatformSupportModulesInManaged (5ms)
				SetLoadedEditorAssemblies (1ms)
				RefreshPlugins (1ms)
				BeforeProcessingInitializeOnLoad (75ms)
				ProcessInitializeOnLoadAttributes (335ms)
				ProcessInitializeOnLoadMethodAttributes (14ms)
				AfterProcessingInitializeOnLoad (7ms)
				EditorAssembliesLoaded (0ms)
			ExecutionOrderSort2 (0ms)
			AwakeInstancesAfterBackupRestoration (17ms)
Platform modules already initialized, skipping
Refreshing native plugins compatible for Editor in 0.83 ms, found 10 plugins.
Preloading 1 native plugins for Editor in 0.09 ms.
Unloading 3264 Unused Serialized files (Serialized files now loaded: 0)
System memory in use before: 145.9 MB.
System memory in use after: 146.1 MB.

Unloading 31 unused Assets to reduce memory usage. Loaded Objects now: 3860.
Total: 3.356900 ms (FindLiveObjects: 0.344700 ms CreateObjectMapping: 0.175600 ms MarkObjects: 2.810500 ms  DeleteObjects: 0.025200 ms)

AssetImportParameters requested are different than current active one (requested -> active):
  custom:framework-win-MediaFoundation: 216162199b28c13a410421893ffa2e32 -> 
  custom:video-decoder-ogg-theora: a1e56fd34408186e4bbccfd4996cb3dc -> 
  custom:container-muxer-webm: aa71ff27fc2769a1b78a27578f13a17b -> 
  custom:container-demuxer-webm: 4f35f7cbe854078d1ac9338744f61a02 -> 
  custom:container-demuxer-ogg: 62fdf1f143b41e24485cea50d1cbac27 -> 
  custom:video-encoder-webm-vp8: eb34c28f22e8b96e1ab97ce403110664 -> 
  custom:video-decoder-webm-vp8: 9c59270c3fd7afecdb556c50c9e8de78 -> 
  custom:audio-decoder-ogg-vorbis: bf7c407c2cedff20999df2af8eb42d56 -> 
  custom:audio-encoder-webm-vorbis: bf7c407c2cedff20999df2af8eb42d56 -> 
